<?xml version="1.0" encoding="UTF-8"?>
<testng-results ignored="0" total="1" passed="1" failed="0" skipped="0">
  <reporter-output>
  </reporter-output>
  <suite started-at="2022-08-22T16:02:12 IST" name="Default suite" finished-at="2022-08-22T16:02:42 IST" duration-ms="29781">
    <groups>
    </groups>
    <test started-at="2022-08-22T16:02:12 IST" name="Default test" finished-at="2022-08-22T16:02:42 IST" duration-ms="29781">
      <class name="amazonproject.Loginpagetest">
        <test-method signature="openbrowser()[pri:0, instance:amazonproject.Loginpagetest@47d90b9e]" started-at="2022-08-22T16:02:12 IST" name="openbrowser" finished-at="2022-08-22T16:02:42 IST" duration-ms="29717" status="PASS">
          <reporter-output>
          </reporter-output>
        </test-method> <!-- openbrowser -->
      </class> <!-- amazonproject.Loginpagetest -->
    </test> <!-- Default test -->
  </suite> <!-- Default suite -->
</testng-results>
